<?xml version="1.0" encoding="UTF-8"?>
<testng-results skipped="0" failed="0" total="1" passed="1">
  <reporter-output>
    <line>
      <![CDATA[Title is matchingOrangeHRM]]>
    </line>
  </reporter-output>
  <suite name="Suite" duration-ms="33979" started-at="2017-11-23T03:09:58Z" finished-at="2017-11-23T03:10:32Z">
    <groups>
    </groups>
    <test name="Test" duration-ms="33979" started-at="2017-11-23T03:09:58Z" finished-at="2017-11-23T03:10:32Z">
      <class name="scripts.TestScripts">
        <test-method status="PASS" signature="preCondition(java.lang.String)[pri:0, instance:scripts.TestScripts@234bef66]" name="preCondition" is-config="true" duration-ms="17689" started-at="2017-11-22T19:09:58Z" finished-at="2017-11-22T19:10:16Z">
          <params>
            <param index="0">
              <value>
                <![CDATA[firefox]]>
              </value>
            </param>
          </params>
          <reporter-output>
          </reporter-output>
        </test-method> <!-- preCondition -->
        <test-method status="PASS" signature="testCreateEmployee()[pri:0, instance:scripts.TestScripts@234bef66]" name="testCreateEmployee" duration-ms="16231" started-at="2017-11-22T19:10:16Z" finished-at="2017-11-22T19:10:32Z">
          <reporter-output>
            <line>
              <![CDATA[Title is matchingOrangeHRM]]>
            </line>
          </reporter-output>
        </test-method> <!-- testCreateEmployee -->
        <test-method status="PASS" signature="postCondition()[pri:0, instance:scripts.TestScripts@234bef66]" name="postCondition" is-config="true" duration-ms="20" started-at="2017-11-22T19:10:32Z" finished-at="2017-11-22T19:10:32Z">
          <reporter-output>
          </reporter-output>
        </test-method> <!-- postCondition -->
      </class> <!-- scripts.TestScripts -->
    </test> <!-- Test -->
  </suite> <!-- Suite -->
</testng-results>
