<?xml version="1.0" encoding="UTF-8"?>
<testng-results skipped="0" failed="0" total="1" passed="1">
  <reporter-output>
    <line>
      <![CDATA[Title is matchingOrangeHRM]]>
    </line>
  </reporter-output>
  <suite name="Suite" duration-ms="24000" started-at="2017-11-23T02:57:41Z" finished-at="2017-11-23T02:58:05Z">
    <groups>
    </groups>
    <test name="Test" duration-ms="24000" started-at="2017-11-23T02:57:41Z" finished-at="2017-11-23T02:58:05Z">
      <class name="scripts.TestScripts">
        <test-method status="PASS" signature="preCondition(java.lang.String)[pri:0, instance:scripts.TestScripts@2f686d1f]" name="preCondition" is-config="true" duration-ms="10417" started-at="2017-11-22T18:57:41Z" finished-at="2017-11-22T18:57:51Z">
          <params>
            <param index="0">
              <value>
                <![CDATA[firefox]]>
              </value>
            </param>
          </params>
          <reporter-output>
          </reporter-output>
        </test-method> <!-- preCondition -->
        <test-method status="PASS" signature="testCreateEmployee()[pri:0, instance:scripts.TestScripts@2f686d1f]" name="testCreateEmployee" duration-ms="13517" started-at="2017-11-22T18:57:51Z" finished-at="2017-11-22T18:58:05Z">
          <reporter-output>
            <line>
              <![CDATA[Title is matchingOrangeHRM]]>
            </line>
          </reporter-output>
        </test-method> <!-- testCreateEmployee -->
        <test-method status="PASS" signature="postCondition()[pri:0, instance:scripts.TestScripts@2f686d1f]" name="postCondition" is-config="true" duration-ms="23" started-at="2017-11-22T18:58:05Z" finished-at="2017-11-22T18:58:05Z">
          <reporter-output>
          </reporter-output>
        </test-method> <!-- postCondition -->
      </class> <!-- scripts.TestScripts -->
    </test> <!-- Test -->
  </suite> <!-- Suite -->
</testng-results>
